<?xml version="1.0" encoding="UTF-8"?>
<testng-results skipped="0" failed="0" ignored="0" total="1" passed="1">
  <reporter-output>
  </reporter-output>
  <suite name="Default suite" duration-ms="37074" started-at="2020-07-14T15:17:27 IST" finished-at="2020-07-14T15:18:04 IST">
    <groups>
      <group name="cucumber">
        <method signature="AbstractTestNGCucumberTests.runScenario(io.cucumber.testng.PickleWrapper, io.cucumber.testng.FeatureWrapper)[pri:0, instance:testrunners.runner@7d20d0b]" name="runScenario" class="io.cucumber.testng.AbstractTestNGCucumberTests"/>
      </group> <!-- cucumber -->
    </groups>
    <test name="Default test" duration-ms="37074" started-at="2020-07-14T15:17:27 IST" finished-at="2020-07-14T15:18:04 IST">
      <class name="testrunners.runner">
        <test-method status="PASS" signature="setUpClass()[pri:0, instance:testrunners.runner@7d20d0b]" name="setUpClass" is-config="true" duration-ms="246" started-at="2020-07-14T15:17:27 IST" finished-at="2020-07-14T15:17:27 IST">
          <reporter-output>
          </reporter-output>
        </test-method> <!-- setUpClass -->
        <test-method status="PASS" signature="runScenario(io.cucumber.testng.PickleWrapper, io.cucumber.testng.FeatureWrapper)[pri:0, instance:testrunners.runner@7d20d0b]" name="runScenario" duration-ms="36725" started-at="2020-07-14T15:17:27 IST" description="Runs Cucumber Scenarios" data-provider="scenarios" finished-at="2020-07-14T15:18:04 IST">
          <params>
            <param index="0">
              <value>
                <![CDATA["Authorized user can retrieve data using GET method"]]>
              </value>
            </param>
            <param index="1">
              <value>
                <![CDATA["Optional[prepare framework approach]"]]>
              </value>
            </param>
          </params>
          <reporter-output>
          </reporter-output>
        </test-method> <!-- runScenario -->
        <test-method status="PASS" signature="tearDownClass()[pri:0, instance:testrunners.runner@7d20d0b]" name="tearDownClass" is-config="true" duration-ms="70" started-at="2020-07-14T15:18:04 IST" finished-at="2020-07-14T15:18:04 IST">
          <reporter-output>
          </reporter-output>
        </test-method> <!-- tearDownClass -->
      </class> <!-- testrunners.runner -->
    </test> <!-- Default test -->
  </suite> <!-- Default suite -->
</testng-results>
